Flow report for DD2_Final_PRJ
Wed Apr 23 23:52:37 2025
Quartus Prime Version 23.1std.1 Build 993 05/14/2024 SC Lite Edition


---------------------
; Table of Contents ;
---------------------
  1. Legal Notice
  2. Flow Summary
  3. Flow Settings
  4. Flow Non-Default Global Settings
  5. Flow Elapsed Time
  6. Flow OS Summary
  7. Flow Log
  8. Flow Messages
  9. Flow Suppressed Messages



----------------
; Legal Notice ;
----------------
Copyright (C) 2024  Intel Corporation. All rights reserved.
Your use of Intel Corporation's design tools, logic functions 
and other software and tools, and any partner logic 
functions, and any output files from any of the foregoing 
(including device programming or simulation files), and any 
associated documentation or information are expressly subject 
to the terms and conditions of the Intel Program License 
Subscription Agreement, the Intel Quartus Prime License Agreement,
the Intel FPGA IP License Agreement, or other applicable license
agreement, including, without limitation, that your use is for
the sole purpose of programming logic devices manufactured by
Intel and sold by Intel or its authorized distributors.  Please
refer to the applicable agreement for further details, at
https://fpgasoftware.intel.com/eula.



+----------------------------------------------------------------------------------+
; Flow Summary                                                                     ;
+---------------------------------+------------------------------------------------+
; Flow Status                     ; Successful - Wed Apr 23 23:52:37 2025          ;
; Quartus Prime Version           ; 23.1std.1 Build 993 05/14/2024 SC Lite Edition ;
; Revision Name                   ; DD2_Final_PRJ                                  ;
; Top-level Entity Name           ; DD2_Final_PRJ                                  ;
; Family                          ; Cyclone V                                      ;
; Device                          ; 5CSEMA5F31C6                                   ;
; Timing Models                   ; Final                                          ;
; Logic utilization (in ALMs)     ; 933 / 32,070 ( 3 % )                           ;
; Total registers                 ; 139                                            ;
; Total pins                      ; 96 / 457 ( 21 % )                              ;
; Total virtual pins              ; 0                                              ;
; Total block memory bits         ; 1,956,096 / 4,065,280 ( 48 % )                 ;
; Total DSP Blocks                ; 0 / 87 ( 0 % )                                 ;
; Total HSSI RX PCSs              ; 0                                              ;
; Total HSSI PMA RX Deserializers ; 0                                              ;
; Total HSSI TX PCSs              ; 0                                              ;
; Total HSSI PMA TX Serializers   ; 0                                              ;
; Total PLLs                      ; 1 / 6 ( 17 % )                                 ;
; Total DLLs                      ; 0 / 4 ( 0 % )                                  ;
+---------------------------------+------------------------------------------------+


+-----------------------------------------+
; Flow Settings                           ;
+-------------------+---------------------+
; Option            ; Setting             ;
+-------------------+---------------------+
; Start date & time ; 04/23/2025 23:50:54 ;
; Main task         ; Compilation         ;
; Revision Name     ; DD2_Final_PRJ       ;
+-------------------+---------------------+


+--------------------------------------------------------------------------------------------------------------------------------------------------------+
; Flow Non-Default Global Settings                                                                                                                       ;
+-------------------------------------+------------------------------------------------+---------------+-------------+-----------------------------------+
; Assignment Name                     ; Value                                          ; Default Value ; Entity Name ; Section Id                        ;
+-------------------------------------+------------------------------------------------+---------------+-------------+-----------------------------------+
; COMPILER_SIGNATURE_ID               ; 211375646815168.174546665409748                ; --            ; --          ; --                                ;
; EDA_GENERATE_FUNCTIONAL_NETLIST     ; Off                                            ; --            ; --          ; eda_board_design_timing           ;
; EDA_GENERATE_FUNCTIONAL_NETLIST     ; Off                                            ; --            ; --          ; eda_board_design_boundary_scan    ;
; EDA_GENERATE_FUNCTIONAL_NETLIST     ; Off                                            ; --            ; --          ; eda_board_design_signal_integrity ;
; EDA_GENERATE_FUNCTIONAL_NETLIST     ; Off                                            ; --            ; --          ; eda_board_design_symbol           ;
; EDA_OUTPUT_DATA_FORMAT              ; Systemverilog Hdl                              ; --            ; --          ; eda_simulation                    ;
; EDA_SIMULATION_TOOL                 ; Questa Intel FPGA (SystemVerilog)              ; <None>        ; --          ; --                                ;
; EDA_TIME_SCALE                      ; 1 ps                                           ; --            ; --          ; eda_simulation                    ;
; MAX_CORE_JUNCTION_TEMP              ; 85                                             ; --            ; --          ; --                                ;
; MIN_CORE_JUNCTION_TEMP              ; 0                                              ; --            ; --          ; --                                ;
; MISC_FILE                           ; altera_ip/vga_pll_25_175.cmp                   ; --            ; --          ; --                                ;
; MISC_FILE                           ; altera_ip/vga_pll_25_175_sim/vga_pll_25_175.vo ; --            ; --          ; --                                ;
; MISC_FILE                           ; altera_ip/RAM_2P.bsf                           ; --            ; --          ; --                                ;
; MISC_FILE                           ; altera_ip/RAM_2P_bb.v                          ; --            ; --          ; --                                ;
; MISC_FILE                           ; altera_ip/ROMs/title_screen_rom.bsf            ; --            ; --          ; --                                ;
; MISC_FILE                           ; altera_ip/ROMs/title_screen_rom_inst.v         ; --            ; --          ; --                                ;
; MISC_FILE                           ; altera_ip/ROMs/title_screen_rom_bb.v           ; --            ; --          ; --                                ;
; MISC_FILE                           ; altera_ip/ROMs/player_screen_rom.bsf           ; --            ; --          ; --                                ;
; MISC_FILE                           ; altera_ip/ROMs/player_screen_rom_inst.v        ; --            ; --          ; --                                ;
; MISC_FILE                           ; altera_ip/ROMs/player_screen_rom_bb.v          ; --            ; --          ; --                                ;
; MISC_FILE                           ; altera_ip/ROMs/chess_board_rom.bsf             ; --            ; --          ; --                                ;
; MISC_FILE                           ; altera_ip/ROMs/chess_board_rom_inst.v          ; --            ; --          ; --                                ;
; MISC_FILE                           ; altera_ip/ROMs/chess_board_rom_bb.v            ; --            ; --          ; --                                ;
; MISC_FILE                           ; altera_ip/ROMs/chess_piece_rom.bsf             ; --            ; --          ; --                                ;
; MISC_FILE                           ; altera_ip/ROMs/chess_piece_rom_inst.v          ; --            ; --          ; --                                ;
; MISC_FILE                           ; altera_ip/ROMs/chess_piece_rom_bb.v            ; --            ; --          ; --                                ;
; PARTITION_COLOR                     ; -- (Not supported for targeted family)         ; --            ; --          ; Top                               ;
; PARTITION_COLOR                     ; -- (Not supported for targeted family)         ; --            ; top         ; Top                               ;
; PARTITION_FITTER_PRESERVATION_LEVEL ; -- (Not supported for targeted family)         ; --            ; --          ; Top                               ;
; PARTITION_FITTER_PRESERVATION_LEVEL ; -- (Not supported for targeted family)         ; --            ; top         ; Top                               ;
; PARTITION_NETLIST_TYPE              ; -- (Not supported for targeted family)         ; --            ; --          ; Top                               ;
; PARTITION_NETLIST_TYPE              ; -- (Not supported for targeted family)         ; --            ; top         ; Top                               ;
; POWER_BOARD_THERMAL_MODEL           ; None (CONSERVATIVE)                            ; --            ; --          ; --                                ;
; POWER_PRESET_COOLING_SOLUTION       ; 23 MM HEAT SINK WITH 200 LFPM AIRFLOW          ; --            ; --          ; --                                ;
; PROJECT_OUTPUT_DIRECTORY            ; output_files                                   ; --            ; --          ; --                                ;
; SPD_FILE                            ; altera_ip/vga_pll_25_175.spd                   ; --            ; --          ; --                                ;
; SYNTHESIS_ONLY_QIP                  ; On                                             ; --            ; --          ; --                                ;
+-------------------------------------+------------------------------------------------+---------------+-------------+-----------------------------------+


+--------------------------------------------------------------------------------------------------------------------------+
; Flow Elapsed Time                                                                                                        ;
+----------------------+--------------+-------------------------+---------------------+------------------------------------+
; Module Name          ; Elapsed Time ; Average Processors Used ; Peak Virtual Memory ; Total CPU Time (on all processors) ;
+----------------------+--------------+-------------------------+---------------------+------------------------------------+
; Analysis & Synthesis ; 00:00:12     ; 1.0                     ; 4909 MB             ; 00:00:24                           ;
; Fitter               ; 00:01:05     ; 1.2                     ; 6719 MB             ; 00:03:00                           ;
; Assembler            ; 00:00:09     ; 1.0                     ; 5248 MB             ; 00:00:09                           ;
; Timing Analyzer      ; 00:00:10     ; 1.8                     ; 5405 MB             ; 00:00:16                           ;
; EDA Netlist Writer   ; 00:00:02     ; 1.0                     ; 4877 MB             ; 00:00:02                           ;
; Total                ; 00:01:38     ; --                      ; --                  ; 00:03:51                           ;
+----------------------+--------------+-------------------------+---------------------+------------------------------------+


+------------------------------------------------------------------------------------+
; Flow OS Summary                                                                    ;
+----------------------+------------------+------------+------------+----------------+
; Module Name          ; Machine Hostname ; OS Name    ; OS Version ; Processor type ;
+----------------------+------------------+------------+------------+----------------+
; Analysis & Synthesis ; DESKTOP-Q3T8GTB  ; Windows 10 ; 10.0       ; x86_64         ;
; Fitter               ; DESKTOP-Q3T8GTB  ; Windows 10 ; 10.0       ; x86_64         ;
; Assembler            ; DESKTOP-Q3T8GTB  ; Windows 10 ; 10.0       ; x86_64         ;
; Timing Analyzer      ; DESKTOP-Q3T8GTB  ; Windows 10 ; 10.0       ; x86_64         ;
; EDA Netlist Writer   ; DESKTOP-Q3T8GTB  ; Windows 10 ; 10.0       ; x86_64         ;
+----------------------+------------------+------------+------------+----------------+


------------
; Flow Log ;
------------
quartus_map --read_settings_files=on --write_settings_files=off DD2_Final_PRJ -c DD2_Final_PRJ
quartus_fit --read_settings_files=off --write_settings_files=off DD2_Final_PRJ -c DD2_Final_PRJ
quartus_asm --read_settings_files=off --write_settings_files=off DD2_Final_PRJ -c DD2_Final_PRJ
quartus_sta DD2_Final_PRJ -c DD2_Final_PRJ
quartus_eda --read_settings_files=off --write_settings_files=off DD2_Final_PRJ -c DD2_Final_PRJ



